<?xml version="1.0" encoding="UTF-8"?>
<!-- Generated by org.testng.reporters.JUnitReportReporter -->
<testsuite skipped="0" hostname="ULTRA" name="Chapter3.TNGtest1" tests="1" failures="0" timestamp="2022-12-20T07:56:06 IST" time="0.011" errors="0">
  <testcase name="demo" time="0.011" classname="Chapter3.TNGtest1"/>
  <system-out>
    <![CDATA[Hello java
Hello Selenium]]>
  </system-out>
</testsuite> <!-- Chapter3.TNGtest1 -->
