<?xml version="1.0" encoding="UTF-8"?>
<!-- Generated by org.testng.reporters.JUnitReportReporter -->
<testsuite skipped="1" hostname="ULTRA" name="Chapter3.TNGtest2" tests="3" failures="0" timestamp="2022-12-20T17:14:09 IST" time="0.010" errors="0">
  <testcase name="chats" time="0.009" classname="Chapter3.TNGtest2"/>
  <system-out>
    <![CDATA[Chats]]>
  </system-out>
  <testcase name="calls" time="0.001" classname="Chapter3.TNGtest2"/>
  <system-out>
    <![CDATA[calls]]>
  </system-out>
  <testcase name="settings" classname="Chapter3.TNGtest2">
    <skipped/>
  </testcase> <!-- settings -->
  <system-out/>
</testsuite> <!-- Chapter3.TNGtest2 -->
